<?xml version="1.0" encoding="UTF-8"?>
<!-- Generated by org.testng.reporters.JUnitReportReporter -->
<testsuite hostname="PT-BJ9VRQ3" failures="0" tests="1" name="com.lambdatest.TestNGTodo3" time="12.659" errors="0" timestamp="17 dez. 2022 20:43:24 GMT" skipped="0">
  <testcase classname="com.lambdatest.TestNGTodo3" name="basicTest" time="12.659"/>
</testsuite> <!-- com.lambdatest.TestNGTodo3 -->
