<?xml version="1.0" encoding="UTF-8"?>
<!-- Generated by org.testng.reporters.JUnitReportReporter -->
<testsuite hostname="PT-BJ9VRQ3" failures="0" tests="1" name="com.lambdatest.CertTestChrome" time="21.677" errors="0" timestamp="17 dez. 2022 20:51:42 GMT" skipped="0">
  <testcase classname="com.lambdatest.CertTestChrome" name="basicTest" time="21.677"/>
</testsuite> <!-- com.lambdatest.CertTestChrome -->
