<?xml version="1.0" encoding="UTF-8"?>
<!-- Generated by org.testng.reporters.JUnitReportReporter -->
<testsuite hostname="PT-BJ9VRQ3" failures="0" tests="1" name="com.lambdatest.TestScenario1" time="24.636" errors="0" timestamp="2022-12-18T17:20:22 WET" skipped="0">
  <testcase classname="com.lambdatest.TestScenario1" name="basicTest" time="24.636"/>
  <system-out/>
</testsuite> <!-- com.lambdatest.TestScenario1 -->
