<?xml version="1.0" encoding="UTF-8"?>
<!-- Generated by org.testng.reporters.JUnitReportReporter -->
<testsuite hostname="PT-BJ9VRQ3" failures="0" tests="1" name="com.lambdatest.TestScenario2" time="21.988" errors="0" timestamp="2022-12-18T17:20:22 WET" skipped="0">
  <testcase classname="com.lambdatest.TestScenario2" name="basicTest" time="21.988"/>
  <system-out/>
</testsuite> <!-- com.lambdatest.TestScenario2 -->
